Chapters.lis
Chap*TestResult.txt
Chapter1\*.java
Chapter1\*.htm
Chapter1\*.bat
Chapter1\*.txt
Chapter2\*.java
Chapter2\*.htm
Chapter2\*.bat
Chapter2\*.txt
Chapter2\*.xml
Chapter3\cfpargs
Chapter3\*.java
Chapter3\*.htm
Chapter3\*.bat
Chapter3\*.txt
Chapter4\*.java
Chapter4\*.htm
Chapter4\*.bat
Chapter4\*.txt
Chapter5\*.java
Chapter5\*.htm
Chapter5\*.bat
Chapter5\*.txt
Chapter5\*.idl
Chapter6\*.java
Chapter6\*.htm
Chapter6\*.bat
Chapter6\*.txt
Chapter6\*.idl
Chapter6\policy
Chapter7\*.java
Chapter7\*.htm
Chapter7\*.bat
Chapter7\*.txt
Chapter7\*.idl

