ArtOfObjects*.lis
Studies.lis
Readme.txt
License.txt
Readme.gb
License.gb
Readme.b5
License.b5
Studies\default.htm
Studies\Studies.htm
Studies\ooda.properties
Studies\apache*.txt
Studies\build.bat
Studies\buildall.bat
Studies\Counter.*
Studies\Readme.txt
Studies\Readme.gb
Studies\Readme.b5
Studies\repeat.exe
Studies\classes\*.jar
Studies\classes\Readme.txt
Studies\bank\*.java
Studies\bank\*.bat
Studies\bank\*.idl
Studies\bank\*.htm
Studies\bank\*.txt
Studies\ibank\*.java
Studies\ibank\*.jar
Studies\ibank\*.bat
Studies\ibank\*.idl
Studies\ibank\*.htm
Studies\ibank\*.txt
Studies\atmcs\*.java
Studies\atmcs\*.bat
Studies\atmcs\*.idl
Studies\atmcs\*.htm
Studies\atmcs\*.txt
Studies\atmcs-i\*.java
Studies\atmcs-i\*.bat
Studies\atmcs-i\*.idl
Studies\atmcs-i\*.htm
Studies\atmcs-i\*.txt
Studies\atmcs-p\cfpargs
Studies\atmcs-p\*.java
Studies\atmcs-p\*.jar
Studies\atmcs-p\*.bat
Studies\atmcs-p\*.idl
Studies\atmcs-p\*.htm
Studies\atmcs-p\*.txt
Studies\factory\*.java
Studies\factory\*.bat
Studies\factory\*.idl
Studies\factory\*.htm
Studies\factory\*.txt
Studies\pdm\*.java
Studies\pdm\*.jar
Studies\pdm\*.bat
Studies\pdm\*.idl
Studies\pdm\*.htm
Studies\pdm\*.txt
Studies\pdm2\*.java
Studies\pdm2\*.bat
Studies\pdm2\*.idl
Studies\pdm2\*.htm
Studies\pdm2\*.txt
Studies\pdm2\cfpargs
Studies\util\*.java
Do-Not-Use-Recursive-Option!

